Loading data...
Preprocessing...
Splitting...
Settings optimizer...
Creating the network...

Network summary:
_________________________________________________________________
Layer (type)                 Output Shape              Param #   
=================================================================
dense_1 (Dense)              (None, 300)               235500    
_________________________________________________________________
dropout_1 (Dropout)          (None, 300)               0         
_________________________________________________________________
dense_2 (Dense)              (None, 100)               30100     
_________________________________________________________________
dropout_2 (Dropout)          (None, 100)               0         
_________________________________________________________________
dense_3 (Dense)              (None, 100)               10100     
_________________________________________________________________
dropout_3 (Dropout)          (None, 100)               0         
_________________________________________________________________
dense_4 (Dense)              (None, 100)               10100     
_________________________________________________________________
dropout_4 (Dropout)          (None, 100)               0         
_________________________________________________________________
dense_5 (Dense)              (None, 200)               20200     
_________________________________________________________________
dropout_5 (Dropout)          (None, 200)               0         
_________________________________________________________________
Output_Layer (Dense)         (None, 10)                2010      
=================================================================
Total params: 308,010
Trainable params: 308,010
Non-trainable params: 0
_________________________________________________________________
None
Compiling...
Fitting...
Train on 37800 samples, validate on 4200 samples
Epoch 1/30
 - 38s - loss: 0.5917 - acc: 0.8096 - val_loss: 0.2117 - val_acc: 0.9364
Epoch 2/30
 - 36s - loss: 0.2361 - acc: 0.9353 - val_loss: 0.1438 - val_acc: 0.9600
Epoch 3/30
 - 35s - loss: 0.1741 - acc: 0.9537 - val_loss: 0.1366 - val_acc: 0.9602
Epoch 4/30
 - 33s - loss: 0.1482 - acc: 0.9601 - val_loss: 0.1124 - val_acc: 0.9686
Epoch 5/30
 - 31s - loss: 0.1264 - acc: 0.9667 - val_loss: 0.1121 - val_acc: 0.9693
Epoch 6/30
 - 39s - loss: 0.1073 - acc: 0.9707 - val_loss: 0.1131 - val_acc: 0.9690
Epoch 7/30
 - 35s - loss: 0.0976 - acc: 0.9730 - val_loss: 0.0902 - val_acc: 0.9745
Epoch 8/30
 - 38s - loss: 0.0918 - acc: 0.9750 - val_loss: 0.1006 - val_acc: 0.9712
Epoch 9/30
 - 38s - loss: 0.0829 - acc: 0.9781 - val_loss: 0.0936 - val_acc: 0.9743
Epoch 10/30
 - 36s - loss: 0.0807 - acc: 0.9783 - val_loss: 0.0896 - val_acc: 0.9745
Epoch 11/30
 - 37s - loss: 0.0694 - acc: 0.9810 - val_loss: 0.0968 - val_acc: 0.9740

Epoch 00011: ReduceLROnPlateau reducing learning rate to 0.0005000000237487257.
Epoch 12/30
 - 33s - loss: 0.0492 - acc: 0.9857 - val_loss: 0.0818 - val_acc: 0.9786
Epoch 13/30
 - 31s - loss: 0.0466 - acc: 0.9871 - val_loss: 0.0773 - val_acc: 0.9800
Epoch 14/30
 - 30s - loss: 0.0404 - acc: 0.9882 - val_loss: 0.0764 - val_acc: 0.9788
Epoch 15/30
 - 31s - loss: 0.0366 - acc: 0.9897 - val_loss: 0.0887 - val_acc: 0.9762
Epoch 16/30
 - 32s - loss: 0.0359 - acc: 0.9899 - val_loss: 0.0786 - val_acc: 0.9800
Epoch 17/30
 - 33s - loss: 0.0365 - acc: 0.9890 - val_loss: 0.0892 - val_acc: 0.9795

Epoch 00017: ReduceLROnPlateau reducing learning rate to 0.0002500000118743628.
Epoch 18/30
 - 34s - loss: 0.0292 - acc: 0.9921 - val_loss: 0.0821 - val_acc: 0.9819
Epoch 19/30
 - 36s - loss: 0.0220 - acc: 0.9938 - val_loss: 0.0832 - val_acc: 0.9819
Epoch 20/30
 - 33s - loss: 0.0225 - acc: 0.9937 - val_loss: 0.0878 - val_acc: 0.9819
Epoch 21/30
 - 32s - loss: 0.0195 - acc: 0.9942 - val_loss: 0.0853 - val_acc: 0.9826
Epoch 22/30
 - 37s - loss: 0.0210 - acc: 0.9935 - val_loss: 0.0902 - val_acc: 0.9814
Epoch 23/30
 - 36s - loss: 0.0203 - acc: 0.9945 - val_loss: 0.0902 - val_acc: 0.9802
Epoch 24/30
 - 34s - loss: 0.0169 - acc: 0.9947 - val_loss: 0.0964 - val_acc: 0.9807
Epoch 25/30
 - 39s - loss: 0.0185 - acc: 0.9948 - val_loss: 0.0969 - val_acc: 0.9795

Epoch 00025: ReduceLROnPlateau reducing learning rate to 0.0001250000059371814.
Epoch 26/30
 - 33s - loss: 0.0161 - acc: 0.9952 - val_loss: 0.0934 - val_acc: 0.9807
Epoch 27/30
 - 35s - loss: 0.0132 - acc: 0.9960 - val_loss: 0.0947 - val_acc: 0.9790
Epoch 28/30
 - 38s - loss: 0.0120 - acc: 0.9966 - val_loss: 0.0992 - val_acc: 0.9793

Epoch 00028: ReduceLROnPlateau reducing learning rate to 0.0001.
Epoch 29/30
 - 35s - loss: 0.0123 - acc: 0.9963 - val_loss: 0.0961 - val_acc: 0.9824
Epoch 30/30
 - 31s - loss: 0.0131 - acc: 0.9960 - val_loss: 0.0940 - val_acc: 0.9807
Fitting took 17.359825925032297 minutes
Predicting...
