Loading data...
Data type: _noisy
Preprocessing...
Splitting...
Setting optimizer...
Creating the network...

Network summary:
_________________________________________________________________
Layer (type)                 Output Shape              Param #   
=================================================================
conv2d_1 (Conv2D)            (None, 28, 28, 32)        832       
_________________________________________________________________
conv2d_2 (Conv2D)            (None, 28, 28, 32)        25632     
_________________________________________________________________
max_pooling2d_1 (MaxPooling2 (None, 14, 14, 32)        0         
_________________________________________________________________
dropout_1 (Dropout)          (None, 14, 14, 32)        0         
_________________________________________________________________
flatten_1 (Flatten)          (None, 6272)              0         
_________________________________________________________________
dense_1 (Dense)              (None, 128)               802944    
_________________________________________________________________
dropout_2 (Dropout)          (None, 128)               0         
_________________________________________________________________
Output_Layer (Dense)         (None, 10)                1290      
=================================================================
Total params: 830,698
Trainable params: 830,698
Non-trainable params: 0
_________________________________________________________________
None
Compiling...
Augmenting...
Fitting...
Epoch 1/30
 - 899s - loss: 1.5034 - acc: 0.4792 - val_loss: 0.6588 - val_acc: 0.8181
Epoch 2/30
 - 720s - loss: 1.0353 - acc: 0.6557 - val_loss: 0.5381 - val_acc: 0.8388
Epoch 3/30
 - 273s - loss: 0.9304 - acc: 0.6944 - val_loss: 0.5059 - val_acc: 0.8517
Epoch 4/30
 - 240s - loss: 0.8675 - acc: 0.7145 - val_loss: 0.5206 - val_acc: 0.8390
Epoch 5/30
 - 243s - loss: 0.8305 - acc: 0.7268 - val_loss: 0.4916 - val_acc: 0.8405
Epoch 6/30
 - 237s - loss: 0.8001 - acc: 0.7423 - val_loss: 0.4561 - val_acc: 0.8624
Epoch 7/30
 - 254s - loss: 0.7724 - acc: 0.7502 - val_loss: 0.4556 - val_acc: 0.8560
Epoch 8/30
 - 235s - loss: 0.7608 - acc: 0.7550 - val_loss: 0.4252 - val_acc: 0.8631
Epoch 9/30
 - 275s - loss: 0.7371 - acc: 0.7595 - val_loss: 0.4327 - val_acc: 0.8560
Epoch 10/30
 - 333s - loss: 0.7300 - acc: 0.7640 - val_loss: 0.4289 - val_acc: 0.8633
Epoch 11/30
 - 331s - loss: 0.7066 - acc: 0.7707 - val_loss: 0.4610 - val_acc: 0.8548
Epoch 12/30
 - 330s - loss: 0.6870 - acc: 0.7772 - val_loss: 0.4034 - val_acc: 0.8726
Epoch 13/30
 - 326s - loss: 0.6819 - acc: 0.7784 - val_loss: 0.3934 - val_acc: 0.8726
Epoch 14/30
 - 327s - loss: 0.6733 - acc: 0.7815 - val_loss: 0.3942 - val_acc: 0.8726
Epoch 15/30
 - 331s - loss: 0.6644 - acc: 0.7867 - val_loss: 0.3890 - val_acc: 0.8764
Epoch 16/30
 - 290s - loss: 0.6590 - acc: 0.7912 - val_loss: 0.3991 - val_acc: 0.8683
Epoch 17/30
 - 242s - loss: 0.6482 - acc: 0.7914 - val_loss: 0.3744 - val_acc: 0.8798
Epoch 18/30
 - 237s - loss: 0.6371 - acc: 0.7963 - val_loss: 0.3780 - val_acc: 0.8752
Epoch 19/30
 - 252s - loss: 0.6395 - acc: 0.7943 - val_loss: 0.3932 - val_acc: 0.8710
Epoch 20/30
 - 238s - loss: 0.6229 - acc: 0.7980 - val_loss: 0.3786 - val_acc: 0.8752
Epoch 21/30
 - 246s - loss: 0.6318 - acc: 0.7976 - val_loss: 0.4039 - val_acc: 0.8681

Epoch 00021: ReduceLROnPlateau reducing learning rate to 0.0005000000237487257.
Epoch 22/30
 - 286s - loss: 0.6063 - acc: 0.8062 - val_loss: 0.4105 - val_acc: 0.8636
Epoch 23/30
 - 322s - loss: 0.6060 - acc: 0.8060 - val_loss: 0.3907 - val_acc: 0.8738
Epoch 24/30
 - 327s - loss: 0.5989 - acc: 0.8093 - val_loss: 0.3905 - val_acc: 0.8740

Epoch 00024: ReduceLROnPlateau reducing learning rate to 0.0002500000118743628.
Epoch 25/30
 - 328s - loss: 0.5901 - acc: 0.8096 - val_loss: 0.3699 - val_acc: 0.8817
Epoch 26/30
 - 326s - loss: 0.5848 - acc: 0.8133 - val_loss: 0.3906 - val_acc: 0.8733
Epoch 27/30
 - 262s - loss: 0.5816 - acc: 0.8159 - val_loss: 0.3911 - val_acc: 0.8721
Epoch 28/30
 - 253s - loss: 0.5783 - acc: 0.8152 - val_loss: 0.3807 - val_acc: 0.8783
Epoch 29/30
 - 213s - loss: 0.5771 - acc: 0.8142 - val_loss: 0.3759 - val_acc: 0.8781

Epoch 00029: ReduceLROnPlateau reducing learning rate to 0.0001250000059371814.
Epoch 30/30
 - 232s - loss: 0.5753 - acc: 0.8145 - val_loss: 0.3737 - val_acc: 0.8798
Fitting took 156.80469404856365 minutes
Predicting...
>>> Submission saved under data/results/keras_conv{}_submission.csv
