Loading data...
Preprocessing...
Splitting...
Settings optimizer...
Creating the network...

Network summary:
_________________________________________________________________
Layer (type)                 Output Shape              Param #   
=================================================================
dense_1 (Dense)              (None, 300)               235500    
_________________________________________________________________
dropout_1 (Dropout)          (None, 300)               0         
_________________________________________________________________
dense_2 (Dense)              (None, 100)               30100     
_________________________________________________________________
dropout_2 (Dropout)          (None, 100)               0         
_________________________________________________________________
dense_3 (Dense)              (None, 100)               10100     
_________________________________________________________________
dropout_3 (Dropout)          (None, 100)               0         
_________________________________________________________________
dense_4 (Dense)              (None, 100)               10100     
_________________________________________________________________
dropout_4 (Dropout)          (None, 100)               0         
_________________________________________________________________
dense_5 (Dense)              (None, 200)               20200     
_________________________________________________________________
dropout_5 (Dropout)          (None, 200)               0         
_________________________________________________________________
Output_Layer (Dense)         (None, 10)                2010      
=================================================================
Total params: 308,010
Trainable params: 308,010
Non-trainable params: 0
_________________________________________________________________
None
Compiling...
Fitting...
Train on 37800 samples, validate on 4200 samples
Epoch 1/30
 - 26s - loss: 0.5921 - acc: 0.8119 - val_loss: 0.1948 - val_acc: 0.9438
Epoch 2/30
 - 23s - loss: 0.2226 - acc: 0.9382 - val_loss: 0.1491 - val_acc: 0.9555
Epoch 3/30
 - 22s - loss: 0.1742 - acc: 0.9529 - val_loss: 0.1255 - val_acc: 0.9657
Epoch 4/30
 - 22s - loss: 0.1406 - acc: 0.9616 - val_loss: 0.1060 - val_acc: 0.9721
Epoch 5/30
 - 23s - loss: 0.1193 - acc: 0.9672 - val_loss: 0.1140 - val_acc: 0.9698
Epoch 6/30
 - 22s - loss: 0.1083 - acc: 0.9697 - val_loss: 0.1057 - val_acc: 0.9736
Epoch 7/30
 - 22s - loss: 0.0954 - acc: 0.9734 - val_loss: 0.1067 - val_acc: 0.9707
Epoch 8/30
 - 19s - loss: 0.0874 - acc: 0.9754 - val_loss: 0.1114 - val_acc: 0.9724
Epoch 9/30
 - 24s - loss: 0.0846 - acc: 0.9767 - val_loss: 0.0910 - val_acc: 0.9743
Epoch 10/30
 - 23s - loss: 0.0798 - acc: 0.9776 - val_loss: 0.0975 - val_acc: 0.9736
Epoch 11/30
 - 23s - loss: 0.0721 - acc: 0.9797 - val_loss: 0.0896 - val_acc: 0.9757
Epoch 12/30
 - 20s - loss: 0.0682 - acc: 0.9811 - val_loss: 0.0983 - val_acc: 0.9762
Epoch 13/30
 - 23s - loss: 0.0644 - acc: 0.9820 - val_loss: 0.0992 - val_acc: 0.9745
Epoch 14/30
 - 22s - loss: 0.0607 - acc: 0.9824 - val_loss: 0.0934 - val_acc: 0.9740
Epoch 15/30
 - 22s - loss: 0.0528 - acc: 0.9853 - val_loss: 0.1106 - val_acc: 0.9750
Epoch 16/30
 - 23s - loss: 0.0569 - acc: 0.9843 - val_loss: 0.0956 - val_acc: 0.9755

Epoch 00016: ReduceLROnPlateau reducing learning rate to 0.0005000000237487257.
Epoch 17/30
 - 23s - loss: 0.0367 - acc: 0.9905 - val_loss: 0.0859 - val_acc: 0.9807
Epoch 18/30
 - 24s - loss: 0.0339 - acc: 0.9910 - val_loss: 0.0833 - val_acc: 0.9807
Epoch 19/30
 - 23s - loss: 0.0267 - acc: 0.9926 - val_loss: 0.0861 - val_acc: 0.9819
Epoch 20/30
 - 22s - loss: 0.0290 - acc: 0.9916 - val_loss: 0.0898 - val_acc: 0.9781
Epoch 21/30
 - 22s - loss: 0.0280 - acc: 0.9920 - val_loss: 0.0934 - val_acc: 0.9774
Epoch 22/30
 - 22s - loss: 0.0251 - acc: 0.9924 - val_loss: 0.0986 - val_acc: 0.9790
Epoch 23/30
 - 21s - loss: 0.0245 - acc: 0.9930 - val_loss: 0.0915 - val_acc: 0.9800

Epoch 00023: ReduceLROnPlateau reducing learning rate to 0.0002500000118743628.
Epoch 24/30
 - 23s - loss: 0.0195 - acc: 0.9947 - val_loss: 0.0887 - val_acc: 0.9805
Epoch 25/30
 - 23s - loss: 0.0152 - acc: 0.9955 - val_loss: 0.0909 - val_acc: 0.9817
Epoch 26/30
 - 25s - loss: 0.0146 - acc: 0.9955 - val_loss: 0.1024 - val_acc: 0.9802

Epoch 00026: ReduceLROnPlateau reducing learning rate to 0.0001250000059371814.
Epoch 27/30
 - 20s - loss: 0.0146 - acc: 0.9958 - val_loss: 0.1001 - val_acc: 0.9798
Epoch 28/30
 - 21s - loss: 0.0122 - acc: 0.9965 - val_loss: 0.0970 - val_acc: 0.9812
Epoch 29/30
 - 23s - loss: 0.0134 - acc: 0.9962 - val_loss: 0.0912 - val_acc: 0.9821
Epoch 30/30
 - 21s - loss: 0.0099 - acc: 0.9975 - val_loss: 0.0926 - val_acc: 0.9826
Fitting took 11.194724714756012 minutes
Predicting...
