Loading data...
Preprocessing...
Splitting...
Setting optimizer...
Creating the network...

Network summary:
_________________________________________________________________
Layer (type)                 Output Shape              Param #   
=================================================================
dense_1 (Dense)              (None, 300)               235500    
_________________________________________________________________
dropout_1 (Dropout)          (None, 300)               0         
_________________________________________________________________
dense_2 (Dense)              (None, 100)               30100     
_________________________________________________________________
dropout_2 (Dropout)          (None, 100)               0         
_________________________________________________________________
dense_3 (Dense)              (None, 100)               10100     
_________________________________________________________________
dropout_3 (Dropout)          (None, 100)               0         
_________________________________________________________________
dense_4 (Dense)              (None, 100)               10100     
_________________________________________________________________
dropout_4 (Dropout)          (None, 100)               0         
_________________________________________________________________
dense_5 (Dense)              (None, 200)               20200     
_________________________________________________________________
dropout_5 (Dropout)          (None, 200)               0         
_________________________________________________________________
Output_Layer (Dense)         (None, 10)                2010      
=================================================================
Total params: 308,010
Trainable params: 308,010
Non-trainable params: 0
_________________________________________________________________
None
Compiling...
Fitting...
Train on 37800 samples, validate on 4200 samples
Epoch 1/30
 - 37s - loss: 1.6960 - acc: 0.3778 - val_loss: 1.0443 - val_acc: 0.6312
Epoch 2/30
 - 37s - loss: 1.1268 - acc: 0.6129 - val_loss: 0.8718 - val_acc: 0.7062
Epoch 3/30
 - 38s - loss: 0.9520 - acc: 0.6848 - val_loss: 0.8145 - val_acc: 0.7248
Epoch 4/30
 - 35s - loss: 0.8580 - acc: 0.7194 - val_loss: 0.7761 - val_acc: 0.7483
Epoch 5/30
 - 36s - loss: 0.7941 - acc: 0.7444 - val_loss: 0.7318 - val_acc: 0.7612
Epoch 6/30
 - 32s - loss: 0.7319 - acc: 0.7648 - val_loss: 0.7030 - val_acc: 0.7698
Epoch 7/30
 - 36s - loss: 0.6903 - acc: 0.7792 - val_loss: 0.7380 - val_acc: 0.7612
Epoch 8/30
 - 34s - loss: 0.6542 - acc: 0.7943 - val_loss: 0.6868 - val_acc: 0.7788
Epoch 9/30
 - 40s - loss: 0.6167 - acc: 0.8044 - val_loss: 0.6857 - val_acc: 0.7805
Epoch 10/30
 - 40s - loss: 0.5893 - acc: 0.8122 - val_loss: 0.6831 - val_acc: 0.7838
Epoch 11/30
 - 35s - loss: 0.5673 - acc: 0.8224 - val_loss: 0.6709 - val_acc: 0.7931
Epoch 12/30
 - 38s - loss: 0.5364 - acc: 0.8308 - val_loss: 0.7007 - val_acc: 0.7852
Epoch 13/30
 - 35s - loss: 0.5180 - acc: 0.8372 - val_loss: 0.6819 - val_acc: 0.7967
Epoch 14/30
 - 38s - loss: 0.5001 - acc: 0.8428 - val_loss: 0.6718 - val_acc: 0.7948
Epoch 15/30
 - 38s - loss: 0.4871 - acc: 0.8464 - val_loss: 0.6826 - val_acc: 0.7836
Epoch 16/30
 - 39s - loss: 0.4678 - acc: 0.8543 - val_loss: 0.6957 - val_acc: 0.7924
Epoch 17/30
 - 31s - loss: 0.4621 - acc: 0.8563 - val_loss: 0.7002 - val_acc: 0.7912

Epoch 00017: ReduceLROnPlateau reducing learning rate to 0.0005000000237487257.
Epoch 18/30
 - 33s - loss: 0.3894 - acc: 0.8788 - val_loss: 0.7119 - val_acc: 0.7952
Epoch 19/30
 - 28s - loss: 0.3702 - acc: 0.8842 - val_loss: 0.7130 - val_acc: 0.7921
Epoch 20/30
 - 36s - loss: 0.3577 - acc: 0.8888 - val_loss: 0.7460 - val_acc: 0.7924

Epoch 00020: ReduceLROnPlateau reducing learning rate to 0.0002500000118743628.
Epoch 21/30
 - 34s - loss: 0.3283 - acc: 0.8972 - val_loss: 0.7450 - val_acc: 0.7900
Epoch 22/30
 - 31s - loss: 0.3181 - acc: 0.9015 - val_loss: 0.7418 - val_acc: 0.7924
Epoch 23/30
 - 39s - loss: 0.3120 - acc: 0.9034 - val_loss: 0.7425 - val_acc: 0.7938

Epoch 00023: ReduceLROnPlateau reducing learning rate to 0.0001250000059371814.
Epoch 24/30
 - 38s - loss: 0.2930 - acc: 0.9131 - val_loss: 0.7534 - val_acc: 0.7967
Epoch 25/30
 - 37s - loss: 0.2925 - acc: 0.9096 - val_loss: 0.7548 - val_acc: 0.7967
Epoch 26/30
 - 35s - loss: 0.2868 - acc: 0.9131 - val_loss: 0.7625 - val_acc: 0.7974
Epoch 27/30
 - 39s - loss: 0.2808 - acc: 0.9153 - val_loss: 0.7638 - val_acc: 0.7962
Epoch 28/30
 - 35s - loss: 0.2805 - acc: 0.9136 - val_loss: 0.7701 - val_acc: 0.7971
Epoch 29/30
 - 39s - loss: 0.2723 - acc: 0.9168 - val_loss: 0.7812 - val_acc: 0.7926
Epoch 30/30
 - 41s - loss: 0.2643 - acc: 0.9196 - val_loss: 0.7859 - val_acc: 0.7936

Epoch 00030: ReduceLROnPlateau reducing learning rate to 0.0001.
Fitting took 18.065172815322875 minutes
Predicting...
